<?xml version="1.0" encoding="UTF-8"?>
<testng-results skipped="0" failed="0" total="1" passed="1">
  <reporter-output>
  </reporter-output>
  <suite name="Suite" duration-ms="33656" started-at="2019-11-22T03:09:42Z" finished-at="2019-11-22T03:10:15Z">
    <groups>
    </groups>
    <test name="Test" duration-ms="33656" started-at="2019-11-22T03:09:42Z" finished-at="2019-11-22T03:10:15Z">
      <class name="com.qa.TM.HRM">
        <test-method status="PASS" signature="m1()[pri:0, instance:com.qa.TM.HRM@5419f379]" name="m1" duration-ms="33631" started-at="2019-11-22T08:39:42Z" finished-at="2019-11-22T08:40:15Z">
          <reporter-output>
          </reporter-output>
        </test-method> <!-- m1 -->
      </class> <!-- com.qa.TM.HRM -->
    </test> <!-- Test -->
  </suite> <!-- Suite -->
</testng-results>
